<?xml version='1.0' encoding='UTF-8' ?>
<testsuite name="htoyama.githaru.test" tests="5" failures="1" errors="0" skipped="0" time="5.606" timestamp="2015-05-05T17:11:13" hostname="localhost">
  <properties />
  <testcase name="testApplicationTestCaseSetUpProperly" classname="htoyama.githaru.ApplicationTest" time="0.001" />
  <testcase name="testAndroidTestCaseSetupProperly" classname="htoyama.githaru.ApplicationTest" time="0.001" />
  <testcase name="hoge" classname="htoyama.githaru.presentation.view.activity.TopActivityTest" time="5.557">
    <failure>android.support.test.espresso.base.DefaultFailureHandler$AssertionFailedWithCauseError: 'with text: is "hoge"' doesn't match the selected view.
Expected: with text: is "hoge"
Got: "Toolbar{id=2131492943, res-name=toolbar, visibility=VISIBLE, width=1440, height=196, has-focus=false, has-focusable=true, has-window-focus=true, is-clickable=false, is-enabled=true, is-focused=false, is-focusable=false, is-layout-requested=false, is-selected=false, root-is-layout-requested=false, has-input-connection=false, x=0.0, y=0.0, child-count=2}"

at dalvik.system.VMStack.getThreadStackTrace(Native Method)
at java.lang.Thread.getStackTrace(Thread.java:580)
at android.support.test.espresso.base.DefaultFailureHandler.getUserFriendlyError(DefaultFailureHandler.java:82)
at android.support.test.espresso.base.DefaultFailureHandler.handle(DefaultFailureHandler.java:53)
at android.support.test.espresso.ViewInteraction.runSynchronouslyOnUiThread(ViewInteraction.java:184)
at android.support.test.espresso.ViewInteraction.check(ViewInteraction.java:158)
at htoyama.githaru.presentation.view.activity.TopActivityTest.hoge(TopActivityTest.java:70)
at java.lang.reflect.Method.invoke(Native Method)
at java.lang.reflect.Method.invoke(Method.java:372)
at org.junit.runners.model.FrameworkMethod$1.runReflectiveCall(FrameworkMethod.java:45)
at org.junit.internal.runners.model.ReflectiveCallable.run(ReflectiveCallable.java:15)
at org.junit.runners.model.FrameworkMethod.invokeExplosively(FrameworkMethod.java:42)
at org.junit.internal.runners.statements.InvokeMethod.evaluate(InvokeMethod.java:20)
at org.junit.internal.runners.statements.RunBefores.evaluate(RunBefores.java:28)
at android.support.test.internal.statement.UiThreadStatement.evaluate(UiThreadStatement.java:55)
at android.support.test.rule.ActivityTestRule$ActivityStatement.evaluate(ActivityTestRule.java:257)
at org.junit.rules.RunRules.evaluate(RunRules.java:18)
at org.junit.runners.ParentRunner.runLeaf(ParentRunner.java:263)
at org.junit.runners.BlockJUnit4ClassRunner.runChild(BlockJUnit4ClassRunner.java:68)
at org.junit.runners.BlockJUnit4ClassRunner.runChild(BlockJUnit4ClassRunner.java:47)
at org.junit.runners.ParentRunner$3.run(ParentRunner.java:231)
at org.junit.runners.ParentRunner$1.schedule(ParentRunner.java:60)
at org.junit.runners.ParentRunner.runChildren(ParentRunner.java:229)
at org.junit.runners.ParentRunner.access$000(ParentRunner.java:50)
at org.junit.runners.ParentRunner$2.evaluate(ParentRunner.java:222)
at org.junit.runners.ParentRunner.run(ParentRunner.java:300)
at org.junit.runners.Suite.runChild(Suite.java:128)
at org.junit.runners.Suite.runChild(Suite.java:24)
at org.junit.runners.ParentRunner$3.run(ParentRunner.java:231)
at org.junit.runners.ParentRunner$1.schedule(ParentRunner.java:60)
at org.junit.runners.ParentRunner.runChildren(ParentRunner.java:229)
at org.junit.runners.ParentRunner.access$000(ParentRunner.java:50)
at org.junit.runners.ParentRunner$2.evaluate(ParentRunner.java:222)
at org.junit.runners.ParentRunner.run(ParentRunner.java:300)
at org.junit.runner.JUnitCore.run(JUnitCore.java:157)
at org.junit.runner.JUnitCore.run(JUnitCore.java:136)
at android.support.test.internal.runner.TestExecutor.execute(TestExecutor.java:54)
at android.support.test.runner.AndroidJUnitRunner.onStart(AndroidJUnitRunner.java:228)
at android.app.Instrumentation$InstrumentationThread.run(Instrumentation.java:1837)
Caused by: junit.framework.AssertionFailedError: 'with text: is "hoge"' doesn't match the selected view.
Expected: with text: is "hoge"
Got: "Toolbar{id=2131492943, res-name=toolbar, visibility=VISIBLE, width=1440, height=196, has-focus=false, has-focusable=true, has-window-focus=true, is-clickable=false, is-enabled=true, is-focused=false, is-focusable=false, is-layout-requested=false, is-selected=false, root-is-layout-requested=false, has-input-connection=false, x=0.0, y=0.0, child-count=2}"

at android.support.test.espresso.matcher.ViewMatchers.assertThat(ViewMatchers.java:1013)
at android.support.test.espresso.assertion.ViewAssertions$2.check(ViewAssertions.java:89)
at android.support.test.espresso.ViewInteraction$2.run(ViewInteraction.java:170)
at java.util.concurrent.Executors$RunnableAdapter.call(Executors.java:422)
at java.util.concurrent.FutureTask.run(FutureTask.java:237)
at android.os.Handler.handleCallback(Handler.java:739)
at android.os.Handler.dispatchMessage(Handler.java:95)
at android.os.Looper.loop(Looper.java:135)
at android.app.ActivityThread.main(ActivityThread.java:5221)
at java.lang.reflect.Method.invoke(Native Method)
at java.lang.reflect.Method.invoke(Method.java:372)
at com.android.internal.os.ZygoteInit$MethodAndArgsCaller.run(ZygoteInit.java:899)
at com.android.internal.os.ZygoteInit.main(ZygoteInit.java:694)
</failure>
  </testcase>
  <testcase name="title_setGivenTitle_whenTileIsSet" classname="htoyama.githaru.presentation.view.widget.GistCardViewTest" time="0.001" />
  <testcase name="title_setIdWithPrefixGist_whenTileIsEmpty" classname="htoyama.githaru.presentation.view.widget.GistCardViewTest" time="0.028" />
</testsuite>